<?xml version="1.0" encoding="UTF-8"?>
<!-- Generated by org.testng.reporters.JUnitReportReporter -->
<testsuite skipped="0" hostname="DESKTOP-RFUP4EQ" name="demo.TestNGPriorityDemo" tests="3" failures="0" timestamp="2020-06-15T20:00:38 IST" time="0.021" errors="0">
  <testcase name="three" time="0.016" classname="demo.TestNGPriorityDemo"/>
  <system-out/>
  <testcase name="one" time="0.003" classname="demo.TestNGPriorityDemo"/>
  <system-out/>
  <testcase name="two" time="0.002" classname="demo.TestNGPriorityDemo"/>
  <system-out/>
</testsuite> <!-- demo.TestNGPriorityDemo -->
