<?xml version="1.0" encoding="UTF-8"?>
<!-- Generated by org.testng.reporters.JUnitReportReporter -->
<testsuite skipped="0" hostname="DESKTOP-RFUP4EQ" name="listeners.TestNGListenerDemo2" tests="3" failures="0" timestamp="2020-06-15T18:48:49 IST" time="0.014" errors="0">
  <testcase name="test5" time="0.005" classname="listeners.TestNGListenerDemo2"/>
  <system-out/>
  <testcase name="test6" time="0.003" classname="listeners.TestNGListenerDemo2"/>
  <system-out/>
  <testcase name="test4" time="0.006" classname="listeners.TestNGListenerDemo2"/>
  <system-out/>
</testsuite> <!-- listeners.TestNGListenerDemo2 -->
