<?xml version="1.0" encoding="UTF-8"?>
<!-- Generated by org.testng.reporters.JUnitReportReporter -->
<testsuite skipped="0" hostname="DESKTOP-RFUP4EQ" name="tests.ExtentReportDemoUsingTestNG" tests="1" failures="0" timestamp="2020-06-10T17:02:49 IST" time="1.945" errors="0">
  <testcase name="tests" time="1.945" classname="tests.ExtentReportDemoUsingTestNG"/>
  <system-out/>
</testsuite> <!-- tests.ExtentReportDemoUsingTestNG -->
