<?xml version="1.0" encoding="UTF-8"?>
<!-- Generated by org.testng.reporters.JUnitReportReporter -->
<testsuite skipped="1" hostname="DESKTOP-RFUP4EQ" name="demo.TestNGIgnoreTestDemo" tests="2" failures="0" timestamp="2020-06-18T11:37:58 IST" time="0.014" errors="0">
  <testcase name="test2" time="0.014" classname="demo.TestNGIgnoreTestDemo"/>
  <system-out/>
  <testcase name="test1" classname="demo.TestNGIgnoreTestDemo">
    <skipped/>
  </testcase> <!-- test1 -->
  <system-out/>
</testsuite> <!-- demo.TestNGIgnoreTestDemo -->
