<?xml version="1.0" encoding="UTF-8"?>
<!-- Generated by org.testng.reporters.JUnitReportReporter -->
<testsuite skipped="0" hostname="DESKTOP-RFUP4EQ" name="tests.GoogleSearchTestNGDemo" tests="1" failures="0" timestamp="2020-06-13T11:54:38 IST" time="3.693" errors="0">
  <testcase name="googleSearch" time="3.693" classname="tests.GoogleSearchTestNGDemo"/>
  <system-out/>
</testsuite> <!-- tests.GoogleSearchTestNGDemo -->
