<?xml version="1.0" encoding="UTF-8"?>
<!-- Generated by org.testng.reporters.JUnitReportReporter -->
<testsuite skipped="0" hostname="DESKTOP-RFUP4EQ" name="utils.ExcelDataProvider" tests="1" failures="0" timestamp="2020-06-14T20:34:39 IST" time="2.733" errors="0">
  <testcase name="test" time="2.733" classname="utils.ExcelDataProvider"/>
  <system-out/>
</testsuite> <!-- utils.ExcelDataProvider -->
