<?xml version="1.0" encoding="UTF-8"?>
<!-- Generated by org.testng.reporters.JUnitReportReporter -->
<testsuite skipped="0" hostname="DESKTOP-RFUP4EQ" name="demo.TestNGMultiBrowserDemo" tests="2" failures="0" timestamp="2020-06-15T20:48:19 IST" time="16.230" errors="0">
  <testcase name="test1" time="9.001" classname="demo.TestNGMultiBrowserDemo"/>
  <system-out/>
  <testcase name="test1" time="7.229" classname="demo.TestNGMultiBrowserDemo"/>
  <system-out/>
</testsuite> <!-- demo.TestNGMultiBrowserDemo -->
