<?xml version="1.0" encoding="UTF-8"?>
<!-- Generated by org.testng.reporters.JUnitReportReporter -->
<testsuite skipped="0" hostname="DESKTOP-RFUP4EQ" name="tests.GoogleSearchTestNGDemo2" tests="2" failures="0" timestamp="2020-06-10T20:18:42 IST" time="3.761" errors="0">
  <testcase name="googleSearch3" time="0.999" classname="tests.GoogleSearchTestNGDemo2"/>
  <system-out/>
  <testcase name="googleSearch2" time="2.762" classname="tests.GoogleSearchTestNGDemo2"/>
  <system-out/>
</testsuite> <!-- tests.GoogleSearchTestNGDemo2 -->
