<?xml version="1.0" encoding="UTF-8"?>
<!-- Generated by org.testng.reporters.JUnitReportReporter -->
<testsuite skipped="0" hostname="DESKTOP-RFUP4EQ" name="demo.TestNGGroupingDemo" tests="4" failures="0" timestamp="2020-06-16T17:46:20 IST" time="0.035" errors="0">
  <testcase name="Test2" time="0.008" classname="demo.TestNGGroupingDemo"/>
  <system-out/>
  <testcase name="Test3" time="0.007" classname="demo.TestNGGroupingDemo"/>
  <system-out/>
  <testcase name="Test1" time="0.015" classname="demo.TestNGGroupingDemo"/>
  <system-out/>
  <testcase name="Test4" time="0.005" classname="demo.TestNGGroupingDemo"/>
  <system-out/>
</testsuite> <!-- demo.TestNGGroupingDemo -->
