<?xml version="1.0" encoding="UTF-8"?>
<!-- Generated by org.testng.reporters.JUnitReportReporter -->
<testsuite skipped="0" hostname="DESKTOP-RFUP4EQ" name="demo.TestNGDependencyDemo" tests="3" failures="0" timestamp="2020-06-18T11:24:37 IST" time="0.016" errors="0">
  <testcase name="test2" time="0.012" classname="demo.TestNGDependencyDemo"/>
  <system-out/>
  <testcase name="test3" time="0.002" classname="demo.TestNGDependencyDemo"/>
  <system-out/>
  <testcase name="test1" time="0.002" classname="demo.TestNGDependencyDemo"/>
  <system-out/>
</testsuite> <!-- demo.TestNGDependencyDemo -->
